Arguments: 
  /Users/rdiaz/.nvm/versions/node/v6.11.2/bin/node /usr/local/Cellar/yarn/1.3.2/libexec/bin/yarn.js publish --tag

PATH: 
  /Applications/Postgres.app/Contents/Versions/10/bin:/Users/rdiaz/.pyenv/shims:/Users/rdiaz/.pyenv/bin:/usr/local/opt/mysql@5.6/bin:/Users/rdiaz/.rbenv/shims:/usr/local/bin:/usr/local/sbin:/usr/bin:/bin:/usr/sbin:/sbin:/Applications/Postgres.app/Contents/Versions/10/bin:/Users/rdiaz/.pyenv/shims:/Users/rdiaz/.pyenv/bin:/usr/local/opt/mysql@5.6/bin:/Users/rdiaz/.nvm/versions/node/v6.11.2/bin:/Users/rdiaz/.rbenv/shims

Yarn version: 
  1.3.2

Node version: 
  6.11.2

Platform: 
  darwin x64

npm manifest: 
  {
    "name": "@5rabbits/eslint-config",
    "version": "1.0.0-rc.1",
    "main": "index.js",
    "license": "MIT",
    "description": "DMS component for Lemontech products",
    "author": "5rabbits <5rabbits@lemontech.com> (http://www.5rabbits.com)",
    "keywords": ["eslint", "a11y", "react", "5rabbits", "lemontech"],
    "repository": {
      "type": "git",
      "url": "https://github.com/5rabbits/eslint-config"
    },
    "homepage": "https://www.lemontech.com",
    "bugs": "https://github.com/5rabbits/eslint-config/issues",
    "peerDependencies": {
      "eslint": "^4.9.0",
      "eslint-config-airbnb": "16.1.0",
      "eslint-plugin-import": "^2.7.0",
      "eslint-plugin-jsx-a11y": "^6.0.2",
      "eslint-plugin-react": "^7.4.0"
    }
  }

yarn manifest: 
  No manifest

Lockfile: 
  No lockfile

Trace: 
  Error: canceled
      at Interface.<anonymous> (/usr/local/Cellar/yarn/1.3.2/libexec/lib/cli.js:121045:13)
      at emitNone (events.js:86:13)
      at Interface.emit (events.js:185:7)
      at Interface._ttyWrite (readline.js:726:16)
      at ReadStream.onkeypress (readline.js:120:10)
      at emitTwo (events.js:106:13)
      at ReadStream.emit (events.js:191:7)
      at emitKeys (internal/readline.js:389:14)
      at next (native)
      at ReadStream.onData (readline.js:972:36)
